\BOOKMARK [0][-]{section*.1}{\376\377\000C\000h\000a\000p\000i\000t\000r\000e\000\040\000I\000\040\040\024\000\040\000P\000r\000\351\000s\000e\000n\000t\000a\000t\000i\000o\000n\000\040\000d\000u\000\040\000p\000r\000o\000j\000e\000t}{}% 1
\BOOKMARK [1][-]{section.1.1}{\376\377\000I\000n\000t\000r\000o\000d\000u\000c\000t\000i\000o\000n}{section*.1}% 2
\BOOKMARK [1][-]{section.1.2}{\376\377\000C\000o\000n\000t\000e\000x\000t\000e\000\040\000e\000t\000\040\000s\000u\000j\000e\000t\000\040\000d\000u\000\040\000p\000r\000o\000j\000e\000t}{section*.1}% 3
\BOOKMARK [1][-]{section.1.3}{\376\377\000P\000r\000o\000b\000l\000\351\000m\000a\000t\000i\000q\000u\000e}{section*.1}% 4
\BOOKMARK [1][-]{section.1.4}{\376\377\000O\000b\000j\000e\000c\000t\000i\000f\000s\000\040\000d\000u\000\040\000p\000r\000o\000j\000e\000t}{section*.1}% 5
\BOOKMARK [1][-]{section.1.5}{\376\377\000U\000s\000e\000r\000\040\000S\000t\000o\000r\000i\000e\000s}{section*.1}% 6
\BOOKMARK [2][-]{subsection.1.5.1}{\376\377\000A\000c\000t\000e\000u\000r\000\040\000:\000\040\000\311\000t\000u\000d\000i\000a\000n\000t}{section.1.5}% 7
\BOOKMARK [2][-]{subsection.1.5.2}{\376\377\000A\000c\000t\000e\000u\000r\000\040\000:\000\040\000C\000o\000n\000s\000e\000i\000l\000l\000e\000r\000\040\000d\040\031\000o\000r\000i\000e\000n\000t\000a\000t\000i\000o\000n}{section.1.5}% 8
\BOOKMARK [2][-]{subsection.1.5.3}{\376\377\000A\000c\000t\000e\000u\000r\000\040\000:\000\040\000A\000d\000m\000i\000n\000i\000s\000t\000r\000a\000t\000e\000u\000r\000\040\000I\000A}{section.1.5}% 9
\BOOKMARK [2][-]{subsection.1.5.4}{\376\377\000A\000c\000t\000e\000u\000r\000\040\000:\000\040\000U\000t\000i\000l\000i\000s\000a\000t\000e\000u\000r\000\040\000W\000e\000b}{section.1.5}% 10
\BOOKMARK [1][-]{section.1.6}{\376\377\000P\000\351\000r\000i\000m\000\350\000t\000r\000e\000\040\000f\000o\000n\000c\000t\000i\000o\000n\000n\000e\000l\000\040\000d\000u\000\040\000p\000r\000o\000j\000e\000t}{section*.1}% 11
\BOOKMARK [1][-]{section*.6}{\376\377\000C\000o\000n\000c\000l\000u\000s\000i\000o\000n}{section*.1}% 12
\BOOKMARK [0][-]{section*.7}{\376\377\000C\000h\000a\000p\000i\000t\000r\000e\000\040\000I\000I\000\040\040\024\000\040\000M\000\351\000t\000h\000o\000d\000o\000l\000o\000g\000i\000e\000\040\000d\000e\000\040\000t\000r\000a\000v\000a\000i\000l}{}% 13
\BOOKMARK [1][-]{section.2.1}{\376\377\000M\000\351\000t\000h\000o\000d\000o\000l\000o\000g\000i\000e\000\040\000A\000g\000i\000l\000e}{section*.7}% 14
\BOOKMARK [1][-]{section.2.2}{\376\377\000C\000a\000d\000r\000e\000\040\000S\000c\000r\000u\000m}{section*.7}% 15
\BOOKMARK [1][-]{section.2.3}{\376\377\000L\000e\000s\000\040\000a\000r\000t\000e\000f\000a\000c\000t\000s\000\040\000S\000c\000r\000u\000m}{section*.7}% 16
\BOOKMARK [1][-]{section.2.4}{\376\377\000L\000e\000s\000\040\000c\000\351\000r\000\351\000m\000o\000n\000i\000e\000s\000\040\000S\000c\000r\000u\000m}{section*.7}% 17
\BOOKMARK [1][-]{section.2.5}{\376\377\000O\000r\000g\000a\000n\000i\000s\000a\000t\000i\000o\000n\000\040\000d\000e\000s\000\040\000s\000p\000r\000i\000n\000t\000s\000\040\000e\000t\000\040\000p\000l\000a\000n\000i\000f\000i\000c\000a\000t\000i\000o\000n\000\040\000S\000c\000r\000u\000m}{section*.7}% 18
\BOOKMARK [2][-]{subsection.2.5.1}{\376\377\000S\000p\000r\000i\000n\000t\000\040\0001\000\040\040\024\000\040\000M\000o\000d\000u\000l\000e\000\040\000\351\000t\000u\000d\000i\000a\000n\000t\000\040\000e\000t\000\040\000p\000r\000\351\000d\000i\000c\000t\000i\000o\000n\000\040\000i\000n\000i\000t\000i\000a\000l\000e}{section.2.5}% 19
\BOOKMARK [2][-]{subsection.2.5.2}{\376\377\000S\000p\000r\000i\000n\000t\000\040\0002\000\040\040\024\000\040\000F\000o\000n\000c\000t\000i\000o\000n\000n\000a\000l\000i\000t\000\351\000s\000\040\000a\000v\000a\000n\000c\000\351\000e\000s\000\040\000e\000t\000\040\000m\000o\000d\000u\000l\000e\000\040\000C\000o\000n\000s\000e\000i\000l\000l\000e\000r\000\040\000d\040\031\000o\000r\000i\000e\000n\000t\000a\000t\000i\000o\000n}{section.2.5}% 20
\BOOKMARK [2][-]{subsection.2.5.3}{\376\377\000S\000p\000r\000i\000n\000t\000\040\0003\000\040\040\024\000\040\000G\000e\000s\000t\000i\000o\000n\000\040\000d\000u\000\040\000m\000o\000d\000\350\000l\000e\000\040\000e\000t\000\040\000s\000u\000p\000e\000r\000v\000i\000s\000i\000o\000n\000\040\000p\000a\000r\000\040\000l\040\031\000a\000d\000m\000i\000n\000i\000s\000t\000r\000a\000t\000e\000u\000r\000\040\000I\000A}{section.2.5}% 21
\BOOKMARK [0][-]{section*.25}{\376\377\000C\000h\000a\000p\000i\000t\000r\000e\000\040\000I\000I\000I\000\040\040\024\000\040\000C\000o\000n\000c\000e\000p\000t\000i\000o\000n\000\040\000d\000u\000\040\000s\000y\000s\000t\000\350\000m\000e\000\040\000d\040\031\000o\000r\000i\000e\000n\000t\000a\000t\000i\000o\000n\000\040\000a\000c\000a\000d\000\351\000m\000i\000q\000u\000e}{}% 22
\BOOKMARK [1][-]{section.3.1}{\376\377\000D\000i\000a\000g\000r\000a\000m\000m\000e\000\040\000d\000e\000\040\000c\000a\000s\000\040\000d\000'\000u\000t\000i\000l\000i\000s\000a\000t\000i\000o\000n}{section*.25}% 23
\BOOKMARK [1][-]{section.3.2}{\376\377\000D\000i\000a\000g\000r\000a\000m\000m\000e\000\040\000d\000e\000\040\000s\000\351\000q\000u\000e\000n\000c\000e}{section*.25}% 24
\BOOKMARK [1][-]{section.3.3}{\376\377\000D\000i\000a\000g\000r\000a\000m\000m\000e\000\040\000d\000'\000a\000c\000t\000i\000v\000i\000t\000\351\000s}{section*.25}% 25
\BOOKMARK [0][-]{section*.34}{\376\377\000C\000h\000a\000p\000i\000t\000r\000e\000\040\000I\000V\000\040\040\024\000\040\000A\000r\000c\000h\000i\000t\000e\000c\000t\000u\000r\000e\000\040\000d\000u\000\040\000S\000y\000s\000t\000\350\000m\000e\000\040\000e\000t\000\040\000P\000i\000p\000e\000l\000i\000n\000e\000\040\000d\040\031\000A\000p\000p\000r\000e\000n\000t\000i\000s\000s\000a\000g\000e\000\040\000A\000u\000t\000o\000m\000a\000t\000i\000q\000u\000e}{}% 26
\BOOKMARK [1][-]{section.4.1}{\376\377\000A\000r\000c\000h\000i\000t\000e\000c\000t\000u\000r\000e\000\040\000g\000\351\000n\000\351\000r\000a\000l\000e\000\040\000d\000u\000\040\000s\000y\000s\000t\000\350\000m\000e}{section*.34}% 27
\BOOKMARK [2][-]{subsection.4.1.1}{\376\377\000C\000o\000u\000c\000h\000e\000\040\000P\000r\000\351\000s\000e\000n\000t\000a\000t\000i\000o\000n\000\040\040\023\000\040\000I\000n\000t\000e\000r\000f\000a\000c\000e\000\040\000W\000e\000b\000\040\000S\000t\000r\000e\000a\000m\000l\000i\000t}{section.4.1}% 28
\BOOKMARK [2][-]{subsection.4.1.2}{\376\377\000C\000o\000u\000c\000h\000e\000\040\000L\000o\000g\000i\000q\000u\000e\000\040\000M\000\351\000t\000i\000e\000r\000\040\040\023\000\040\000B\000a\000c\000k\000e\000n\000d\000\040\000F\000a\000s\000t\000A\000P\000I}{section.4.1}% 29
\BOOKMARK [2][-]{subsection.4.1.3}{\376\377\000C\000o\000u\000c\000h\000e\000\040\000D\000o\000n\000n\000\351\000e\000s\000\040\040\023\000\040\000M\000y\000S\000Q\000L\000\040\000e\000t\000\040\000S\000t\000o\000c\000k\000a\000g\000e\000\040\000d\000e\000\040\000f\000i\000c\000h\000i\000e\000r\000s}{section.4.1}% 30
\BOOKMARK [1][-]{section.4.2}{\376\377\000J\000u\000s\000t\000i\000f\000i\000c\000a\000t\000i\000o\000n\000\040\000d\000u\000\040\000c\000h\000o\000i\000x\000\040\000d\000e\000\040\000l\040\031\000a\000r\000c\000h\000i\000t\000e\000c\000t\000u\000r\000e}{section*.34}% 31
\BOOKMARK [1][-]{section.4.3}{\376\377\000P\000i\000p\000e\000l\000i\000n\000e\000\040\000d\040\031\000a\000p\000p\000r\000e\000n\000t\000i\000s\000s\000a\000g\000e\000\040\000a\000u\000t\000o\000m\000a\000t\000i\000q\000u\000e\000\040\000\050\000I\000A\000\051}{section*.34}% 32
\BOOKMARK [0][-]{section*.44}{\376\377\000C\000h\000a\000p\000i\000t\000r\000e\000\040\000V\000\040\040\024\000\040\000R\000\351\000a\000l\000i\000s\000a\000t\000i\000o\000n\000\040\000e\000t\000\040\000I\000m\000p\000l\000\351\000m\000e\000n\000t\000a\000t\000i\000o\000n}{}% 33
